# JRE version: Java(TM) SE Runtime Environment (8.0_65-b17) (build 1.8.0_65-b17)
# Java VM: Java HotSpot(TM) 64-Bit Server VM (25.65-b01 mixed mode windows-amd64 compressed oops)
Heap:
 PSYoungGen      total 204288K, used 146200K [0x00000000eab00000, 0x00000000fd300000, 0x0000000100000000)
  eden space 203776K, 71% used [0x00000000eab00000,0x00000000f39c60e0,0x00000000f7200000)
  from space 512K, 0% used [0x00000000f7200000,0x00000000f7200000,0x00000000f7280000)
  to   space 49664K, 0% used [0x00000000fa280000,0x00000000fa280000,0x00000000fd300000)
 ParOldGen       total 155136K, used 49199K [0x00000000c0000000, 0x00000000c9780000, 0x00000000eab00000)
  object space 155136K, 31% used [0x00000000c0000000,0x00000000c300bdc0,0x00000000c9780000)
 Metaspace       used 70626K, capacity 76878K, committed 81408K, reserved 1120256K
  class space    used 8548K, capacity 10566K, committed 11520K, reserved 1048576K
GC Heap History (10 events):
Event: 26907.261 GC heap before
{Heap before GC invocations=162 (full 36):
 PSYoungGen      total 264192K, used 3776K [0x00000000eab00000, 0x00000000fe300000, 0x0000000100000000)
  eden space 211968K, 0% used [0x00000000eab00000,0x00000000eab00000,0x00000000f7a00000)
  from space 52224K, 7% used [0x00000000fb000000,0x00000000fb3b0010,0x00000000fe300000)
  to   space 53760K, 0% used [0x00000000f7a00000,0x00000000f7a00000,0x00000000fae80000)
 ParOldGen       total 155136K, used 134212K [0x00000000c0000000, 0x00000000c9780000, 0x00000000eab00000)
  object space 155136K, 86% used [0x00000000c0000000,0x00000000c8311158,0x00000000c9780000)
 Metaspace       used 72354K, capacity 80404K, committed 81408K, reserved 1120256K
  class space    used 8999K, capacity 11334K, committed 11520K, reserved 1048576K
Event: 26907.808 GC heap after
Heap after GC invocations=162 (full 36):
 PSYoungGen      total 264192K, used 0K [0x00000000eab00000, 0x00000000fe300000, 0x0000000100000000)
  eden space 211968K, 0% used [0x00000000eab00000,0x00000000eab00000,0x00000000f7a00000)
  from space 52224K, 0% used [0x00000000fb000000,0x00000000fb000000,0x00000000fe300000)
  to   space 53760K, 0% used [0x00000000f7a00000,0x00000000f7a00000,0x00000000fae80000)
 ParOldGen       total 155136K, used 67905K [0x00000000c0000000, 0x00000000c9780000, 0x00000000eab00000)
  object space 155136K, 43% used [0x00000000c0000000,0x00000000c4250530,0x00000000c9780000)
 Metaspace       used 72227K, capacity 80106K, committed 81408K, reserved 1120256K
  class space    used 8978K, capacity 11258K, committed 11520K, reserved 1048576K
}
Event: 30184.270 GC heap before
{Heap before GC invocations=163 (full 36):
 PSYoungGen      total 264192K, used 211968K [0x00000000eab00000, 0x00000000fe300000, 0x0000000100000000)
  eden space 211968K, 100% used [0x00000000eab00000,0x00000000f7a00000,0x00000000f7a00000)
  from space 52224K, 0% used [0x00000000fb000000,0x00000000fb000000,0x00000000fe300000)
  to   space 53760K, 0% used [0x00000000f7a00000,0x00000000f7a00000,0x00000000fae80000)
 ParOldGen       total 155136K, used 67905K [0x00000000c0000000, 0x00000000c9780000, 0x00000000eab00000)
  object space 155136K, 43% used [0x00000000c0000000,0x00000000c4250530,0x00000000c9780000)
 Metaspace       used 72392K, capacity 80400K, committed 81408K, reserved 1120256K
  class space    used 9000K, capacity 11337K, committed 11520K, reserved 1048576K
Event: 30184.287 GC heap after
Heap after GC invocations=163 (full 36):
 PSYoungGen      total 265728K, used 20556K [0x00000000eab00000, 0x00000000ffd80000, 0x0000000100000000)
  eden space 211968K, 0% used [0x00000000eab00000,0x00000000eab00000,0x00000000f7a00000)
  from space 53760K, 38% used [0x00000000f7a00000,0x00000000f8e13368,0x00000000fae80000)
  to   space 51712K, 0% used [0x00000000fcb00000,0x00000000fcb00000,0x00000000ffd80000)
 ParOldGen       total 155136K, used 67913K [0x00000000c0000000, 0x00000000c9780000, 0x00000000eab00000)
  object space 155136K, 43% used [0x00000000c0000000,0x00000000c4252530,0x00000000c9780000)
 Metaspace       used 72392K, capacity 80400K, committed 81408K, reserved 1120256K
  class space    used 9000K, capacity 11337K, committed 11520K, reserved 1048576K
}
Event: 30192.821 GC heap before
{Heap before GC invocations=164 (full 36):
 PSYoungGen      total 265728K, used 232291K [0x00000000eab00000, 0x00000000ffd80000, 0x0000000100000000)
  eden space 211968K, 99% used [0x00000000eab00000,0x00000000f79c5b30,0x00000000f7a00000)
  from space 53760K, 38% used [0x00000000f7a00000,0x00000000f8e13368,0x00000000fae80000)
  to   space 51712K, 0% used [0x00000000fcb00000,0x00000000fcb00000,0x00000000ffd80000)
 ParOldGen       total 155136K, used 67913K [0x00000000c0000000, 0x00000000c9780000, 0x00000000eab00000)
  object space 155136K, 43% used [0x00000000c0000000,0x00000000c4252530,0x00000000c9780000)
 Metaspace       used 72490K, capacity 80584K, committed 81408K, reserved 1120256K
  class space    used 9014K, capacity 11379K, committed 11520K, reserved 1048576K
Event: 30192.833 GC heap after
Heap after GC invocations=164 (full 36):
 PSYoungGen      total 214016K, used 2944K [0x00000000eab00000, 0x00000000fd500000, 0x0000000100000000)
  eden space 203776K, 0% used [0x00000000eab00000,0x00000000eab00000,0x00000000f7200000)
  from space 10240K, 28% used [0x00000000fcb00000,0x00000000fcde0120,0x00000000fd500000)
  to   space 50688K, 0% used [0x00000000f7200000,0x00000000f7200000,0x00000000fa380000)
 ParOldGen       total 155136K, used 77497K [0x00000000c0000000, 0x00000000c9780000, 0x00000000eab00000)
  object space 155136K, 49% used [0x00000000c0000000,0x00000000c4bae7f0,0x00000000c9780000)
 Metaspace       used 72490K, capacity 80584K, committed 81408K, reserved 1120256K
  class space    used 9014K, capacity 11379K, committed 11520K, reserved 1048576K
}
Event: 30193.029 GC heap before
{Heap before GC invocations=165 (full 36):
 PSYoungGen      total 214016K, used 13503K [0x00000000eab00000, 0x00000000fd500000, 0x0000000100000000)
  eden space 203776K, 5% used [0x00000000eab00000,0x00000000eb54fbd8,0x00000000f7200000)
  from space 10240K, 28% used [0x00000000fcb00000,0x00000000fcde0120,0x00000000fd500000)
  to   space 50688K, 0% used [0x00000000f7200000,0x00000000f7200000,0x00000000fa380000)
 ParOldGen       total 155136K, used 77497K [0x00000000c0000000, 0x00000000c9780000, 0x00000000eab00000)
  object space 155136K, 49% used [0x00000000c0000000,0x00000000c4bae7f0,0x00000000c9780000)
 Metaspace       used 72491K, capacity 80584K, committed 81408K, reserved 1120256K
  class space    used 9014K, capacity 11379K, committed 11520K, reserved 1048576K
Event: 30193.032 GC heap after
Heap after GC invocations=165 (full 36):
 PSYoungGen      total 204288K, used 160K [0x00000000eab00000, 0x00000000fd300000, 0x0000000100000000)
  eden space 203776K, 0% used [0x00000000eab00000,0x00000000eab00000,0x00000000f7200000)
  from space 512K, 31% used [0x00000000f7200000,0x00000000f7228000,0x00000000f7280000)
  to   space 49664K, 0% used [0x00000000fa280000,0x00000000fa280000,0x00000000fd300000)
 ParOldGen       total 155136K, used 79014K [0x00000000c0000000, 0x00000000c9780000, 0x00000000eab00000)
  object space 155136K, 50% used [0x00000000c0000000,0x00000000c4d29818,0x00000000c9780000)
 Metaspace       used 72491K, capacity 80584K, committed 81408K, reserved 1120256K
  class space    used 9014K, capacity 11379K, committed 11520K, reserved 1048576K
}
Event: 30193.032 GC heap before
{Heap before GC invocations=166 (full 37):
 PSYoungGen      total 204288K, used 160K [0x00000000eab00000, 0x00000000fd300000, 0x0000000100000000)
  eden space 203776K, 0% used [0x00000000eab00000,0x00000000eab00000,0x00000000f7200000)
  from space 512K, 31% used [0x00000000f7200000,0x00000000f7228000,0x00000000f7280000)
  to   space 49664K, 0% used [0x00000000fa280000,0x00000000fa280000,0x00000000fd300000)
 ParOldGen       total 155136K, used 79014K [0x00000000c0000000, 0x00000000c9780000, 0x00000000eab00000)
  object space 155136K, 50% used [0x00000000c0000000,0x00000000c4d29818,0x00000000c9780000)
 Metaspace       used 72491K, capacity 80584K, committed 81408K, reserved 1120256K
  class space    used 9014K, capacity 11379K, committed 11520K, reserved 1048576K
Event: 30193.361 GC heap after
Heap after GC invocations=166 (full 37):
 PSYoungGen      total 204288K, used 0K [0x00000000eab00000, 0x00000000fd300000, 0x0000000100000000)
  eden space 203776K, 0% used [0x00000000eab00000,0x00000000eab00000,0x00000000f7200000)
  from space 512K, 0% used [0x00000000f7200000,0x00000000f7200000,0x00000000f7280000)
  to   space 49664K, 0% used [0x00000000fa280000,0x00000000fa280000,0x00000000fd300000)
 ParOldGen       total 155136K, used 49199K [0x00000000c0000000, 0x00000000c9780000, 0x00000000eab00000)
  object space 155136K, 31% used [0x00000000c0000000,0x00000000c300bdc0,0x00000000c9780000)
 Metaspace       used 70293K, capacity 76214K, committed 81408K, reserved 1120256K
  class space    used 8467K, capacity 10368K, committed 11520K, reserved 1048576K
}

