# JRE version: Java(TM) SE Runtime Environment (8.0_65-b17) (build 1.8.0_65-b17)
# Java VM: Java HotSpot(TM) 64-Bit Server VM (25.65-b01 mixed mode windows-amd64 compressed oops)
Heap:
 PSYoungGen      total 260096K, used 76528K [0x00000000eab00000, 0x00000000ff980000, 0x0000000100000000)
  eden space 181248K, 34% used [0x00000000eab00000,0x00000000ee842ee0,0x00000000f5c00000)
  from space 78848K, 17% used [0x00000000fa580000,0x00000000fb2f9230,0x00000000ff280000)
  to   space 75264K, 0% used [0x00000000f5c00000,0x00000000f5c00000,0x00000000fa580000)
 ParOldGen       total 112128K, used 37664K [0x00000000c0000000, 0x00000000c6d80000, 0x00000000eab00000)
  object space 112128K, 33% used [0x00000000c0000000,0x00000000c24c8380,0x00000000c6d80000)
 Metaspace       used 57962K, capacity 63368K, committed 65280K, reserved 1105920K
  class space    used 7496K, capacity 9071K, committed 9472K, reserved 1048576K
GC Heap History (10 events):
Event: 12049.501 GC heap before
{Heap before GC invocations=85 (full 18):
 PSYoungGen      total 242688K, used 181940K [0x00000000eab00000, 0x00000000fe780000, 0x0000000100000000)
  eden space 162304K, 100% used [0x00000000eab00000,0x00000000f4980000,0x00000000f4980000)
  from space 80384K, 24% used [0x00000000f9380000,0x00000000fa6ad360,0x00000000fe200000)
  to   space 75776K, 0% used [0x00000000f4980000,0x00000000f4980000,0x00000000f9380000)
 ParOldGen       total 112128K, used 51097K [0x00000000c0000000, 0x00000000c6d80000, 0x00000000eab00000)
  object space 112128K, 45% used [0x00000000c0000000,0x00000000c31e6718,0x00000000c6d80000)
 Metaspace       used 58435K, capacity 64434K, committed 65280K, reserved 1105920K
  class space    used 7610K, capacity 9275K, committed 9472K, reserved 1048576K
Event: 12049.566 GC heap after
Heap after GC invocations=85 (full 18):
 PSYoungGen      total 238080K, used 60726K [0x00000000eab00000, 0x00000000ffe80000, 0x0000000100000000)
  eden space 162304K, 0% used [0x00000000eab00000,0x00000000eab00000,0x00000000f4980000)
  from space 75776K, 80% used [0x00000000f4980000,0x00000000f84cd988,0x00000000f9380000)
  to   space 83968K, 0% used [0x00000000fac80000,0x00000000fac80000,0x00000000ffe80000)
 ParOldGen       total 112128K, used 51097K [0x00000000c0000000, 0x00000000c6d80000, 0x00000000eab00000)
  object space 112128K, 45% used [0x00000000c0000000,0x00000000c31e6718,0x00000000c6d80000)
 Metaspace       used 58435K, capacity 64434K, committed 65280K, reserved 1105920K
  class space    used 7610K, capacity 9275K, committed 9472K, reserved 1048576K
}
Event: 12063.667 GC heap before
{Heap before GC invocations=86 (full 18):
 PSYoungGen      total 238080K, used 223030K [0x00000000eab00000, 0x00000000ffe80000, 0x0000000100000000)
  eden space 162304K, 100% used [0x00000000eab00000,0x00000000f4980000,0x00000000f4980000)
  from space 75776K, 80% used [0x00000000f4980000,0x00000000f84cd988,0x00000000f9380000)
  to   space 83968K, 0% used [0x00000000fac80000,0x00000000fac80000,0x00000000ffe80000)
 ParOldGen       total 112128K, used 51097K [0x00000000c0000000, 0x00000000c6d80000, 0x00000000eab00000)
  object space 112128K, 45% used [0x00000000c0000000,0x00000000c31e6718,0x00000000c6d80000)
 Metaspace       used 58464K, capacity 64458K, committed 65280K, reserved 1105920K
  class space    used 7612K, capacity 9279K, committed 9472K, reserved 1048576K
Event: 12063.686 GC heap after
Heap after GC invocations=86 (full 18):
 PSYoungGen      total 251392K, used 21188K [0x00000000eab00000, 0x00000000ff480000, 0x0000000100000000)
  eden space 177664K, 0% used [0x00000000eab00000,0x00000000eab00000,0x00000000f5880000)
  from space 73728K, 28% used [0x00000000fac80000,0x00000000fc131360,0x00000000ff480000)
  to   space 79872K, 0% used [0x00000000f5880000,0x00000000f5880000,0x00000000fa680000)
 ParOldGen       total 112128K, used 51105K [0x00000000c0000000, 0x00000000c6d80000, 0x00000000eab00000)
  object space 112128K, 45% used [0x00000000c0000000,0x00000000c31e8718,0x00000000c6d80000)
 Metaspace       used 58464K, capacity 64458K, committed 65280K, reserved 1105920K
  class space    used 7612K, capacity 9279K, committed 9472K, reserved 1048576K
}
Event: 12063.865 GC heap before
{Heap before GC invocations=87 (full 18):
 PSYoungGen      total 251392K, used 31909K [0x00000000eab00000, 0x00000000ff480000, 0x0000000100000000)
  eden space 177664K, 6% used [0x00000000eab00000,0x00000000eb5781b8,0x00000000f5880000)
  from space 73728K, 28% used [0x00000000fac80000,0x00000000fc131360,0x00000000ff480000)
  to   space 79872K, 0% used [0x00000000f5880000,0x00000000f5880000,0x00000000fa680000)
 ParOldGen       total 112128K, used 51105K [0x00000000c0000000, 0x00000000c6d80000, 0x00000000eab00000)
  object space 112128K, 45% used [0x00000000c0000000,0x00000000c31e8718,0x00000000c6d80000)
 Metaspace       used 58466K, capacity 64464K, committed 65280K, reserved 1105920K
  class space    used 7613K, capacity 9280K, committed 9472K, reserved 1048576K
Event: 12063.867 GC heap after
Heap after GC invocations=87 (full 18):
 PSYoungGen      total 179200K, used 1520K [0x00000000eab00000, 0x00000000ff280000, 0x0000000100000000)
  eden space 177664K, 0% used [0x00000000eab00000,0x00000000eab00000,0x00000000f5880000)
  from space 1536K, 98% used [0x00000000f5880000,0x00000000f59fc030,0x00000000f5a00000)
  to   space 78848K, 0% used [0x00000000fa580000,0x00000000fa580000,0x00000000ff280000)
 ParOldGen       total 112128K, used 51105K [0x00000000c0000000, 0x00000000c6d80000, 0x00000000eab00000)
  object space 112128K, 45% used [0x00000000c0000000,0x00000000c31e8718,0x00000000c6d80000)
 Metaspace       used 58466K, capacity 64464K, committed 65280K, reserved 1105920K
  class space    used 7613K, capacity 9280K, committed 9472K, reserved 1048576K
}
Event: 12063.867 GC heap before
{Heap before GC invocations=88 (full 19):
 PSYoungGen      total 179200K, used 1520K [0x00000000eab00000, 0x00000000ff280000, 0x0000000100000000)
  eden space 177664K, 0% used [0x00000000eab00000,0x00000000eab00000,0x00000000f5880000)
  from space 1536K, 98% used [0x00000000f5880000,0x00000000f59fc030,0x00000000f5a00000)
  to   space 78848K, 0% used [0x00000000fa580000,0x00000000fa580000,0x00000000ff280000)
 ParOldGen       total 112128K, used 51105K [0x00000000c0000000, 0x00000000c6d80000, 0x00000000eab00000)
  object space 112128K, 45% used [0x00000000c0000000,0x00000000c31e8718,0x00000000c6d80000)
 Metaspace       used 58466K, capacity 64464K, committed 65280K, reserved 1105920K
  class space    used 7613K, capacity 9280K, committed 9472K, reserved 1048576K
Event: 12064.016 GC heap after
Heap after GC invocations=88 (full 19):
 PSYoungGen      total 179200K, used 0K [0x00000000eab00000, 0x00000000ff280000, 0x0000000100000000)
  eden space 177664K, 0% used [0x00000000eab00000,0x00000000eab00000,0x00000000f5880000)
  from space 1536K, 0% used [0x00000000f5880000,0x00000000f5880000,0x00000000f5a00000)
  to   space 78848K, 0% used [0x00000000fa580000,0x00000000fa580000,0x00000000ff280000)
 ParOldGen       total 112128K, used 37656K [0x00000000c0000000, 0x00000000c6d80000, 0x00000000eab00000)
  object space 112128K, 33% used [0x00000000c0000000,0x00000000c24c6380,0x00000000c6d80000)
 Metaspace       used 57422K, capacity 62386K, committed 65280K, reserved 1105920K
  class space    used 7355K, capacity 8785K, committed 9472K, reserved 1048576K
}
Event: 12224.716 GC heap before
{Heap before GC invocations=89 (full 19):
 PSYoungGen      total 179200K, used 177664K [0x00000000eab00000, 0x00000000ff280000, 0x0000000100000000)
  eden space 177664K, 100% used [0x00000000eab00000,0x00000000f5880000,0x00000000f5880000)
  from space 1536K, 0% used [0x00000000f5880000,0x00000000f5880000,0x00000000f5a00000)
  to   space 78848K, 0% used [0x00000000fa580000,0x00000000fa580000,0x00000000ff280000)
 ParOldGen       total 112128K, used 37656K [0x00000000c0000000, 0x00000000c6d80000, 0x00000000eab00000)
  object space 112128K, 33% used [0x00000000c0000000,0x00000000c24c6380,0x00000000c6d80000)
 Metaspace       used 57813K, capacity 63040K, committed 65280K, reserved 1105920K
  class space    used 7454K, capacity 8986K, committed 9472K, reserved 1048576K
Event: 12224.740 GC heap after
Heap after GC invocations=89 (full 19):
 PSYoungGen      total 260096K, used 13796K [0x00000000eab00000, 0x00000000ff980000, 0x0000000100000000)
  eden space 181248K, 0% used [0x00000000eab00000,0x00000000eab00000,0x00000000f5c00000)
  from space 78848K, 17% used [0x00000000fa580000,0x00000000fb2f9230,0x00000000ff280000)
  to   space 75264K, 0% used [0x00000000f5c00000,0x00000000f5c00000,0x00000000fa580000)
 ParOldGen       total 112128K, used 37664K [0x00000000c0000000, 0x00000000c6d80000, 0x00000000eab00000)
  object space 112128K, 33% used [0x00000000c0000000,0x00000000c24c8380,0x00000000c6d80000)
 Metaspace       used 57813K, capacity 63040K, committed 65280K, reserved 1105920K
  class space    used 7454K, capacity 8986K, committed 9472K, reserved 1048576K
}

