# JRE version: Java(TM) SE Runtime Environment (8.0_65-b17) (build 1.8.0_65-b17)
# Java VM: Java HotSpot(TM) 64-Bit Server VM (25.65-b01 mixed mode windows-amd64 compressed oops)
Heap:
 PSYoungGen      total 297472K, used 172853K [0x00000000eab00000, 0x0000000100000000, 0x0000000100000000)
  eden space 243200K, 71% used [0x00000000eab00000,0x00000000f53cd760,0x00000000f9880000)
  from space 54272K, 0% used [0x00000000fcb00000,0x00000000fcb00000,0x0000000100000000)
  to   space 51712K, 0% used [0x00000000f9880000,0x00000000f9880000,0x00000000fcb00000)
 ParOldGen       total 229888K, used 50256K [0x00000000c0000000, 0x00000000ce080000, 0x00000000eab00000)
  object space 229888K, 21% used [0x00000000c0000000,0x00000000c3114260,0x00000000ce080000)
 Metaspace       used 69070K, capacity 74622K, committed 81664K, reserved 1120256K
  class space    used 8296K, capacity 10177K, committed 11776K, reserved 1048576K
GC Heap History (10 events):
Event: 12276.747 GC heap before
{Heap before GC invocations=144 (full 32):
 PSYoungGen      total 228352K, used 226304K [0x00000000eab00000, 0x00000000ff900000, 0x0000000100000000)
  eden space 226304K, 100% used [0x00000000eab00000,0x00000000f8800000,0x00000000f8800000)
  from space 2048K, 0% used [0x00000000f8800000,0x00000000f8800000,0x00000000f8a00000)
  to   space 57856K, 0% used [0x00000000fc080000,0x00000000fc080000,0x00000000ff900000)
 ParOldGen       total 229888K, used 75330K [0x00000000c0000000, 0x00000000ce080000, 0x00000000eab00000)
  object space 229888K, 32% used [0x00000000c0000000,0x00000000c4990958,0x00000000ce080000)
 Metaspace       used 72216K, capacity 81136K, committed 81408K, reserved 1118208K
  class space    used 9094K, capacity 11594K, committed 11776K, reserved 1048576K
Event: 12276.754 GC heap after
Heap after GC invocations=144 (full 32):
 PSYoungGen      total 286208K, used 3040K [0x00000000eab00000, 0x0000000100000000, 0x0000000100000000)
  eden space 228352K, 0% used [0x00000000eab00000,0x00000000eab00000,0x00000000f8a00000)
  from space 57856K, 5% used [0x00000000fc080000,0x00000000fc378000,0x00000000ff900000)
  to   space 55808K, 0% used [0x00000000f8a00000,0x00000000f8a00000,0x00000000fc080000)
 ParOldGen       total 229888K, used 75330K [0x00000000c0000000, 0x00000000ce080000, 0x00000000eab00000)
  object space 229888K, 32% used [0x00000000c0000000,0x00000000c4990958,0x00000000ce080000)
 Metaspace       used 72216K, capacity 81136K, committed 81408K, reserved 1118208K
  class space    used 9094K, capacity 11594K, committed 11776K, reserved 1048576K
}
Event: 12280.871 GC heap before
{Heap before GC invocations=145 (full 32):
 PSYoungGen      total 286208K, used 190102K [0x00000000eab00000, 0x0000000100000000, 0x0000000100000000)
  eden space 228352K, 81% used [0x00000000eab00000,0x00000000f61adb18,0x00000000f8a00000)
  from space 57856K, 5% used [0x00000000fc080000,0x00000000fc378000,0x00000000ff900000)
  to   space 55808K, 0% used [0x00000000f8a00000,0x00000000f8a00000,0x00000000fc080000)
 ParOldGen       total 229888K, used 75330K [0x00000000c0000000, 0x00000000ce080000, 0x00000000eab00000)
  object space 229888K, 32% used [0x00000000c0000000,0x00000000c4990958,0x00000000ce080000)
 Metaspace       used 72230K, capacity 81136K, committed 81408K, reserved 1118208K
  class space    used 9094K, capacity 11594K, committed 11776K, reserved 1048576K
Event: 12280.875 GC heap after
Heap after GC invocations=145 (full 32):
 PSYoungGen      total 284160K, used 1152K [0x00000000eab00000, 0x0000000100000000, 0x0000000100000000)
  eden space 228352K, 0% used [0x00000000eab00000,0x00000000eab00000,0x00000000f8a00000)
  from space 55808K, 2% used [0x00000000f8a00000,0x00000000f8b20000,0x00000000fc080000)
  to   space 54272K, 0% used [0x00000000fcb00000,0x00000000fcb00000,0x0000000100000000)
 ParOldGen       total 229888K, used 76566K [0x00000000c0000000, 0x00000000ce080000, 0x00000000eab00000)
  object space 229888K, 33% used [0x00000000c0000000,0x00000000c4ac5a60,0x00000000ce080000)
 Metaspace       used 72230K, capacity 81136K, committed 81408K, reserved 1118208K
  class space    used 9094K, capacity 11594K, committed 11776K, reserved 1048576K
}
Event: 12280.875 GC heap before
{Heap before GC invocations=146 (full 33):
 PSYoungGen      total 284160K, used 1152K [0x00000000eab00000, 0x0000000100000000, 0x0000000100000000)
  eden space 228352K, 0% used [0x00000000eab00000,0x00000000eab00000,0x00000000f8a00000)
  from space 55808K, 2% used [0x00000000f8a00000,0x00000000f8b20000,0x00000000fc080000)
  to   space 54272K, 0% used [0x00000000fcb00000,0x00000000fcb00000,0x0000000100000000)
 ParOldGen       total 229888K, used 76566K [0x00000000c0000000, 0x00000000ce080000, 0x00000000eab00000)
  object space 229888K, 33% used [0x00000000c0000000,0x00000000c4ac5a60,0x00000000ce080000)
 Metaspace       used 72230K, capacity 81136K, committed 81408K, reserved 1118208K
  class space    used 9094K, capacity 11594K, committed 11776K, reserved 1048576K
Event: 12281.028 GC heap after
Heap after GC invocations=146 (full 33):
 PSYoungGen      total 284160K, used 0K [0x00000000eab00000, 0x0000000100000000, 0x0000000100000000)
  eden space 228352K, 0% used [0x00000000eab00000,0x00000000eab00000,0x00000000f8a00000)
  from space 55808K, 0% used [0x00000000f8a00000,0x00000000f8a00000,0x00000000fc080000)
  to   space 54272K, 0% used [0x00000000fcb00000,0x00000000fcb00000,0x0000000100000000)
 ParOldGen       total 229888K, used 74964K [0x00000000c0000000, 0x00000000ce080000, 0x00000000eab00000)
  object space 229888K, 32% used [0x00000000c0000000,0x00000000c4935350,0x00000000ce080000)
 Metaspace       used 72230K, capacity 81136K, committed 81408K, reserved 1118208K
  class space    used 9094K, capacity 11594K, committed 11776K, reserved 1048576K
}
Event: 16746.566 GC heap before
{Heap before GC invocations=147 (full 33):
 PSYoungGen      total 284160K, used 139764K [0x00000000eab00000, 0x0000000100000000, 0x0000000100000000)
  eden space 228352K, 61% used [0x00000000eab00000,0x00000000f337d0a8,0x00000000f8a00000)
  from space 55808K, 0% used [0x00000000f8a00000,0x00000000f8a00000,0x00000000fc080000)
  to   space 54272K, 0% used [0x00000000fcb00000,0x00000000fcb00000,0x0000000100000000)
 ParOldGen       total 229888K, used 74964K [0x00000000c0000000, 0x00000000ce080000, 0x00000000eab00000)
  object space 229888K, 32% used [0x00000000c0000000,0x00000000c4935350,0x00000000ce080000)
 Metaspace       used 72432K, capacity 81550K, committed 81664K, reserved 1120256K
  class space    used 9129K, capacity 11678K, committed 11776K, reserved 1048576K
Event: 16746.570 GC heap after
Heap after GC invocations=147 (full 33):
 PSYoungGen      total 297472K, used 1232K [0x00000000eab00000, 0x0000000100000000, 0x0000000100000000)
  eden space 243200K, 0% used [0x00000000eab00000,0x00000000eab00000,0x00000000f9880000)
  from space 54272K, 2% used [0x00000000fcb00000,0x00000000fcc34010,0x0000000100000000)
  to   space 51712K, 0% used [0x00000000f9880000,0x00000000f9880000,0x00000000fcb00000)
 ParOldGen       total 229888K, used 74964K [0x00000000c0000000, 0x00000000ce080000, 0x00000000eab00000)
  object space 229888K, 32% used [0x00000000c0000000,0x00000000c4935350,0x00000000ce080000)
 Metaspace       used 72432K, capacity 81550K, committed 81664K, reserved 1120256K
  class space    used 9129K, capacity 11678K, committed 11776K, reserved 1048576K
}
Event: 16746.570 GC heap before
{Heap before GC invocations=148 (full 34):
 PSYoungGen      total 297472K, used 1232K [0x00000000eab00000, 0x0000000100000000, 0x0000000100000000)
  eden space 243200K, 0% used [0x00000000eab00000,0x00000000eab00000,0x00000000f9880000)
  from space 54272K, 2% used [0x00000000fcb00000,0x00000000fcc34010,0x0000000100000000)
  to   space 51712K, 0% used [0x00000000f9880000,0x00000000f9880000,0x00000000fcb00000)
 ParOldGen       total 229888K, used 74964K [0x00000000c0000000, 0x00000000ce080000, 0x00000000eab00000)
  object space 229888K, 32% used [0x00000000c0000000,0x00000000c4935350,0x00000000ce080000)
 Metaspace       used 72432K, capacity 81550K, committed 81664K, reserved 1120256K
  class space    used 9129K, capacity 11678K, committed 11776K, reserved 1048576K
Event: 16747.167 GC heap after
Heap after GC invocations=148 (full 34):
 PSYoungGen      total 297472K, used 0K [0x00000000eab00000, 0x0000000100000000, 0x0000000100000000)
  eden space 243200K, 0% used [0x00000000eab00000,0x00000000eab00000,0x00000000f9880000)
  from space 54272K, 0% used [0x00000000fcb00000,0x00000000fcb00000,0x0000000100000000)
  to   space 51712K, 0% used [0x00000000f9880000,0x00000000f9880000,0x00000000fcb00000)
 ParOldGen       total 229888K, used 50256K [0x00000000c0000000, 0x00000000ce080000, 0x00000000eab00000)
  object space 229888K, 21% used [0x00000000c0000000,0x00000000c3114260,0x00000000ce080000)
 Metaspace       used 68595K, capacity 73776K, committed 81664K, reserved 1120256K
  class space    used 8164K, capacity 9925K, committed 11776K, reserved 1048576K
}

